<?xml version="1.0" encoding="UTF-8"?>
<testng-results ignored="0" total="2" passed="2" failed="0" skipped="0">
  <reporter-output>
    <line>
      <![CDATA[Getting data from excell]]>
    </line>
    <line>
      <![CDATA[Getting data from excell]]>
    </line>
    <line>
      <![CDATA[Getting data from excell]]>
    </line>
    <line>
      <![CDATA[validateBanners executation start]]>
    </line>
    <line>
      <![CDATA[validateTestPlanElement executation start]]>
    </line>
  </reporter-output>
  <suite started-at="2024-08-12T21:52:29 IST" name="Suite" finished-at="2024-08-12T21:53:26 IST" duration-ms="56664">
    <groups>
    </groups>
    <test started-at="2024-08-12T21:52:29 IST" name="Test" finished-at="2024-08-12T21:53:26 IST" duration-ms="56664">
      <class name="coverfoxTest.CoverFoxTestCase">
        <test-method is-config="true" signature="lounchBrowser()[pri:0, instance:coverfoxTest.CoverFoxTestCase@459e9125]" started-at="2024-08-12T21:52:29 IST" name="lounchBrowser" finished-at="2024-08-12T21:52:49 IST" duration-ms="19428" status="PASS">
          <reporter-output>
          </reporter-output>
        </test-method> <!-- lounchBrowser -->
        <test-method is-config="true" signature="preConditions()[pri:0, instance:coverfoxTest.CoverFoxTestCase@459e9125]" started-at="2024-08-12T21:52:49 IST" name="preConditions" finished-at="2024-08-12T21:53:16 IST" duration-ms="27143" status="PASS">
          <reporter-output>
            <line>
              <![CDATA[Getting data from excell]]>
            </line>
            <line>
              <![CDATA[Getting data from excell]]>
            </line>
            <line>
              <![CDATA[Getting data from excell]]>
            </line>
          </reporter-output>
        </test-method> <!-- preConditions -->
        <test-method signature="validateBanners()[pri:0, instance:coverfoxTest.CoverFoxTestCase@459e9125]" started-at="2024-08-12T21:53:16 IST" name="validateBanners" finished-at="2024-08-12T21:53:22 IST" duration-ms="6044" status="PASS">
          <reporter-output>
            <line>
              <![CDATA[validateBanners executation start]]>
            </line>
          </reporter-output>
        </test-method> <!-- validateBanners -->
        <test-method signature="validateTestPlanElement()[pri:0, instance:coverfoxTest.CoverFoxTestCase@459e9125]" started-at="2024-08-12T21:53:22 IST" name="validateTestPlanElement" finished-at="2024-08-12T21:53:22 IST" duration-ms="109" status="PASS">
          <reporter-output>
            <line>
              <![CDATA[validateTestPlanElement executation start]]>
            </line>
          </reporter-output>
        </test-method> <!-- validateTestPlanElement -->
        <test-method is-config="true" signature="closeBrowser()[pri:0, instance:coverfoxTest.CoverFoxTestCase@459e9125]" started-at="2024-08-12T21:53:22 IST" name="closeBrowser" finished-at="2024-08-12T21:53:26 IST" duration-ms="3683" status="PASS">
          <reporter-output>
          </reporter-output>
        </test-method> <!-- closeBrowser -->
      </class> <!-- coverfoxTest.CoverFoxTestCase -->
    </test> <!-- Test -->
  </suite> <!-- Suite -->
</testng-results>
