<?xml version="1.0" encoding="UTF-8"?>
<testng-results ignored="0" total="2" passed="2" failed="0" skipped="0">
  <reporter-output>
    <line>
      <![CDATA[Lounch browser]]>
    </line>
    <line>
      <![CDATA[Lounch url]]>
    </line>
    <line>
      <![CDATA[Clinking on gender button]]>
    </line>
    <line>
      <![CDATA[Clicking On NextButton Of HealthPlanPage]]>
    </line>
    <line>
      <![CDATA[Getting data from excell]]>
    </line>
    <line>
      <![CDATA[Selecting age]]>
    </line>
    <line>
      <![CDATA[Clicking on next button]]>
    </line>
    <line>
      <![CDATA[Getting data from excell]]>
    </line>
    <line>
      <![CDATA[Getting data from excell]]>
    </line>
    <line>
      <![CDATA[Entering PunCode and MobileNum]]>
    </line>
    <line>
      <![CDATA[Clicking on continue button]]>
    </line>
    <line>
      <![CDATA[validateBanners executation start]]>
    </line>
    <line>
      <![CDATA[validateTestPlanElement executation start]]>
    </line>
    <line>
      <![CDATA[Close browser]]>
    </line>
  </reporter-output>
  <suite started-at="2024-08-12T21:26:08 IST" name="Suite" finished-at="2024-08-12T21:27:53 IST" duration-ms="104320">
    <groups>
    </groups>
    <test started-at="2024-08-12T21:26:08 IST" name="Test" finished-at="2024-08-12T21:27:53 IST" duration-ms="104320">
      <class name="coverfoxTest.CoverFoxTestCase">
        <test-method is-config="true" signature="lounchBrowser()[pri:0, instance:coverfoxTest.CoverFoxTestCase@8297b3a]" started-at="2024-08-12T21:26:08 IST" name="lounchBrowser" finished-at="2024-08-12T21:27:13 IST" duration-ms="64660" status="PASS">
          <reporter-output>
            <line>
              <![CDATA[Lounch browser]]>
            </line>
            <line>
              <![CDATA[Lounch url]]>
            </line>
          </reporter-output>
        </test-method> <!-- lounchBrowser -->
        <test-method is-config="true" signature="preConditions()[pri:0, instance:coverfoxTest.CoverFoxTestCase@8297b3a]" started-at="2024-08-12T21:27:13 IST" name="preConditions" finished-at="2024-08-12T21:27:40 IST" duration-ms="27370" status="PASS">
          <reporter-output>
            <line>
              <![CDATA[Clinking on gender button]]>
            </line>
            <line>
              <![CDATA[Clicking On NextButton Of HealthPlanPage]]>
            </line>
            <line>
              <![CDATA[Getting data from excell]]>
            </line>
            <line>
              <![CDATA[Selecting age]]>
            </line>
            <line>
              <![CDATA[Clicking on next button]]>
            </line>
            <line>
              <![CDATA[Getting data from excell]]>
            </line>
            <line>
              <![CDATA[Getting data from excell]]>
            </line>
            <line>
              <![CDATA[Entering PunCode and MobileNum]]>
            </line>
            <line>
              <![CDATA[Clicking on continue button]]>
            </line>
          </reporter-output>
        </test-method> <!-- preConditions -->
        <test-method signature="validateBanners()[pri:0, instance:coverfoxTest.CoverFoxTestCase@8297b3a]" started-at="2024-08-12T21:27:40 IST" name="validateBanners" finished-at="2024-08-12T21:27:48 IST" duration-ms="7183" status="PASS">
          <reporter-output>
            <line>
              <![CDATA[validateBanners executation start]]>
            </line>
          </reporter-output>
        </test-method> <!-- validateBanners -->
        <test-method signature="validateTestPlanElement()[pri:0, instance:coverfoxTest.CoverFoxTestCase@8297b3a]" started-at="2024-08-12T21:27:48 IST" name="validateTestPlanElement" finished-at="2024-08-12T21:27:48 IST" duration-ms="85" status="PASS">
          <reporter-output>
            <line>
              <![CDATA[validateTestPlanElement executation start]]>
            </line>
          </reporter-output>
        </test-method> <!-- validateTestPlanElement -->
        <test-method is-config="true" signature="closeBrowser()[pri:0, instance:coverfoxTest.CoverFoxTestCase@8297b3a]" started-at="2024-08-12T21:27:48 IST" name="closeBrowser" finished-at="2024-08-12T21:27:53 IST" duration-ms="4902" status="PASS">
          <reporter-output>
            <line>
              <![CDATA[Close browser]]>
            </line>
          </reporter-output>
        </test-method> <!-- closeBrowser -->
      </class> <!-- coverfoxTest.CoverFoxTestCase -->
    </test> <!-- Test -->
  </suite> <!-- Suite -->
</testng-results>
